<?xml version="1.0" encoding="UTF-8"?>
<!-- Generated by org.testng.reporters.JUnitReportReporter -->
<testsuite hostname="Thapar-PC" name="com.crm.qa.testcases.LoginPageTest" tests="3" failures="0" timestamp="3 Feb 2021 05:05:44 GMT" time="44.490" errors="0">
  <testcase name="crmLogoImageTest" time="12.344" classname="com.crm.qa.testcases.LoginPageTest"/>
  <testcase name="loginPageTitleTest" time="13.611" classname="com.crm.qa.testcases.LoginPageTest"/>
  <testcase name="loginTest" time="18.535" classname="com.crm.qa.testcases.LoginPageTest"/>
</testsuite> <!-- com.crm.qa.testcases.LoginPageTest -->
