<?xml version="1.0" encoding="UTF-8"?>
<!-- Generated by org.testng.reporters.JUnitReportReporter -->
<testsuite hostname="Thapar-PC" name="com.crm.qa.testcases.HomePageTest" tests="3" failures="0" timestamp="3 Feb 2021 05:05:44 GMT" time="57.057" errors="0">
  <testcase name="verifyContactsLinkTest" time="23.265" classname="com.crm.qa.testcases.HomePageTest"/>
  <testcase name="verifyHomePageTitleTest" time="17.227" classname="com.crm.qa.testcases.HomePageTest"/>
  <testcase name="verifyUserNameTest" time="16.565" classname="com.crm.qa.testcases.HomePageTest"/>
</testsuite> <!-- com.crm.qa.testcases.HomePageTest -->
